<?xml version="1.0" encoding="UTF-8"?>
<testsuite xmlns:xsi="http://www.w3.org/2001/XMLSchema-instance" xsi:noNamespaceSchemaLocation="https://maven.apache.org/surefire/maven-surefire-plugin/xsd/surefire-test-report.xsd" name="com.eborait.gsns.persistencia.LoteVacunasDAOTest" time="0.21" tests="6" errors="0" skipped="0" failures="0">
  <properties>
[...]
</properties>
  <testcase name="testGet" classname="com.eborait.gsns.persistencia.LoteVacunasDAOTest" time="0.034"/>
  <testcase name="testMaxId" classname="com.eborait.gsns.persistencia.LoteVacunasDAOTest" time="0.027"/>
  <testcase name="testDelete" classname="com.eborait.gsns.persistencia.LoteVacunasDAOTest" time="0.014"/>
  <testcase name="testGetAll" classname="com.eborait.gsns.persistencia.LoteVacunasDAOTest" time="0.076"/>
  <testcase name="testInsert" classname="com.eborait.gsns.persistencia.LoteVacunasDAOTest" time="0.024"/>
  <testcase name="testUpdate" classname="com.eborait.gsns.persistencia.LoteVacunasDAOTest" time="0.03"/>
</testsuite>